<?xml version="1.0" encoding="UTF-8"?>
<testng-results ignored="0" total="1" passed="1" failed="0" skipped="0">
  <reporter-output>
  </reporter-output>
  <suite started-at="2021-12-08T12:03:09 EST" name="Failed suite [Opencart Test Suite]" finished-at="2021-12-08T12:03:18 EST" duration-ms="9379">
    <groups>
      <group name="regession">
        <method signature="TC_001_AccountRegistration.test_account_Registration()[pri:0, instance:testCases.TC_001_AccountRegistration@e15b7e8]" name="test_account_Registration" class="testCases.TC_001_AccountRegistration"/>
      </group> <!-- regession -->
      <group name="master">
        <method signature="TC_001_AccountRegistration.test_account_Registration()[pri:0, instance:testCases.TC_001_AccountRegistration@e15b7e8]" name="test_account_Registration" class="testCases.TC_001_AccountRegistration"/>
      </group> <!-- master -->
    </groups>
    <test started-at="2021-12-08T12:03:09 EST" name="Opencart Tests(failed)" finished-at="2021-12-08T12:03:18 EST" duration-ms="9379">
      <class name="testCases.TC_001_AccountRegistration">
        <test-method is-config="true" signature="setup(java.lang.String)[pri:0, instance:testCases.TC_001_AccountRegistration@e15b7e8]" started-at="2021-12-08T12:03:09 EST" name="setup" finished-at="2021-12-08T12:03:13 EST" duration-ms="3622" status="PASS">
          <params>
            <param index="0">
              <value>
                <![CDATA[chrome]]>
              </value>
            </param>
          </params>
          <reporter-output>
          </reporter-output>
        </test-method> <!-- setup -->
        <test-method signature="test_account_Registration()[pri:0, instance:testCases.TC_001_AccountRegistration@e15b7e8]" started-at="2021-12-08T12:03:13 EST" name="test_account_Registration" finished-at="2021-12-08T12:03:18 EST" duration-ms="5349" status="PASS">
          <reporter-output>
          </reporter-output>
        </test-method> <!-- test_account_Registration -->
      </class> <!-- testCases.TC_001_AccountRegistration -->
    </test> <!-- Opencart Tests(failed) -->
  </suite> <!-- Failed suite [Opencart Test Suite] -->
</testng-results>
